<?xml version="1.0" encoding="UTF-8" ?>
<testsuite tests="6" failures="0" name="org.converter.jsontoxml.AppTest" time="0.14" errors="0" skipped="0">
  <properties>
[...]
</properties>
  <testcase classname="org.converter.jsontoxml.AppTest" name="testApp6" time="0.109"/>
  <testcase classname="org.converter.jsontoxml.AppTest" name="testApp" time="0.022"/>
  <testcase classname="org.converter.jsontoxml.AppTest" name="testApp4" time="0.004"/>
  <testcase classname="org.converter.jsontoxml.AppTest" name="testApp3" time="0.002"/>
  <testcase classname="org.converter.jsontoxml.AppTest" name="testApp2" time="0.002"/>
  <testcase classname="org.converter.jsontoxml.AppTest" name="testApp5" time="0.001"/>
</testsuite>